The system is: Linux - 2.6.32-573.3.1.el6.x86_64 - x86_64
Compiling the C compiler identification source file "CMakeCCompilerId.c" succeeded.
Compiler: /usr/bin/cc 
Build flags: 
Id flags: 

The output was:
0


Compilation of the C compiler identification source "CMakeCCompilerId.c" produced "a.out"

The C compiler identification is GNU, found in "/usr/csshare/pkgs/glfw-3/CMakeFiles/2.8.12.2/CompilerIdC/a.out"

Determining if the C compiler works passed with the following output:
Change Dir: /usr/csshare/pkgs/glfw-3/CMakeFiles/CMakeTmp

Run Build Command:/usr/bin/gmake "cmTryCompileExec3336971772/fast"
/usr/bin/gmake -f CMakeFiles/cmTryCompileExec3336971772.dir/build.make CMakeFiles/cmTryCompileExec3336971772.dir/build
gmake[1]: Entering directory `/usr/csshare/pkgs/glfw-3/CMakeFiles/CMakeTmp'
/usr/bin/cmake -E cmake_progress_report /usr/csshare/pkgs/glfw-3/CMakeFiles/CMakeTmp/CMakeFiles 1
Building C object CMakeFiles/cmTryCompileExec3336971772.dir/testCCompiler.c.o
/usr/bin/cc    -o CMakeFiles/cmTryCompileExec3336971772.dir/testCCompiler.c.o   -c /usr/csshare/pkgs/glfw-3/CMakeFiles/CMakeTmp/testCCompiler.c
Linking C executable cmTryCompileExec3336971772
/usr/bin/cmake -E cmake_link_script CMakeFiles/cmTryCompileExec3336971772.dir/link.txt --verbose=1
/usr/bin/cc       CMakeFiles/cmTryCompileExec3336971772.dir/testCCompiler.c.o  -o cmTryCompileExec3336971772 -rdynamic 
gmake[1]: Leaving directory `/usr/csshare/pkgs/glfw-3/CMakeFiles/CMakeTmp'


Detecting C compiler ABI info compiled with the following output:
Change Dir: /usr/csshare/pkgs/glfw-3/CMakeFiles/CMakeTmp

Run Build Command:/usr/bin/gmake "cmTryCompileExec1452631250/fast"
/usr/bin/gmake -f CMakeFiles/cmTryCompileExec1452631250.dir/build.make CMakeFiles/cmTryCompileExec1452631250.dir/build
gmake[1]: Entering directory `/usr/csshare/pkgs/glfw-3/CMakeFiles/CMakeTmp'
/usr/bin/cmake -E cmake_progress_report /usr/csshare/pkgs/glfw-3/CMakeFiles/CMakeTmp/CMakeFiles 1
Building C object CMakeFiles/cmTryCompileExec1452631250.dir/CMakeCCompilerABI.c.o
/usr/bin/cc    -o CMakeFiles/cmTryCompileExec1452631250.dir/CMakeCCompilerABI.c.o   -c /usr/share/cmake/Modules/CMakeCCompilerABI.c
Linking C executable cmTryCompileExec1452631250
/usr/bin/cmake -E cmake_link_script CMakeFiles/cmTryCompileExec1452631250.dir/link.txt --verbose=1
/usr/bin/cc     -v CMakeFiles/cmTryCompileExec1452631250.dir/CMakeCCompilerABI.c.o  -o cmTryCompileExec1452631250 -rdynamic  
Using built-in specs.
Target: x86_64-redhat-linux
Configured with: ../configure --prefix=/usr --mandir=/usr/share/man --infodir=/usr/share/info --with-bugurl=http://bugzilla.redhat.com/bugzilla --enable-bootstrap --enable-shared --enable-threads=posix --enable-checking=release --with-system-zlib --enable-__cxa_atexit --disable-libunwind-exceptions --enable-gnu-unique-object --enable-languages=c,c++,objc,obj-c++,java,fortran,ada --enable-java-awt=gtk --disable-dssi --with-java-home=/usr/lib/jvm/java-1.5.0-gcj-1.5.0.0/jre --enable-libgcj-multifile --enable-java-maintainer-mode --with-ecj-jar=/usr/share/java/eclipse-ecj.jar --disable-libjava-multilib --with-ppl --with-cloog --with-tune=generic --with-arch_32=i686 --build=x86_64-redhat-linux
Thread model: posix
gcc version 4.4.7 20120313 (Red Hat 4.4.7-16) (GCC) 
COMPILER_PATH=/usr/libexec/gcc/x86_64-redhat-linux/4.4.7/:/usr/libexec/gcc/x86_64-redhat-linux/4.4.7/:/usr/libexec/gcc/x86_64-redhat-linux/:/usr/lib/gcc/x86_64-redhat-linux/4.4.7/:/usr/lib/gcc/x86_64-redhat-linux/:/usr/libexec/gcc/x86_64-redhat-linux/4.4.7/:/usr/libexec/gcc/x86_64-redhat-linux/:/usr/lib/gcc/x86_64-redhat-linux/4.4.7/:/usr/lib/gcc/x86_64-redhat-linux/
LIBRARY_PATH=/usr/lib/gcc/x86_64-redhat-linux/4.4.7/:/usr/lib/gcc/x86_64-redhat-linux/4.4.7/:/usr/lib/gcc/x86_64-redhat-linux/4.4.7/../../../../lib64/:/lib/../lib64/:/usr/lib/../lib64/:/usr/lib/gcc/x86_64-redhat-linux/4.4.7/../../../:/lib/:/usr/lib/
COLLECT_GCC_OPTIONS='-v' '-o' 'cmTryCompileExec1452631250' '-rdynamic' '-mtune=generic'
 /usr/libexec/gcc/x86_64-redhat-linux/4.4.7/collect2 --eh-frame-hdr --build-id -m elf_x86_64 --hash-style=gnu -export-dynamic -dynamic-linker /lib64/ld-linux-x86-64.so.2 -o cmTryCompileExec1452631250 /usr/lib/gcc/x86_64-redhat-linux/4.4.7/../../../../lib64/crt1.o /usr/lib/gcc/x86_64-redhat-linux/4.4.7/../../../../lib64/crti.o /usr/lib/gcc/x86_64-redhat-linux/4.4.7/crtbegin.o -L/usr/lib/gcc/x86_64-redhat-linux/4.4.7 -L/usr/lib/gcc/x86_64-redhat-linux/4.4.7 -L/usr/lib/gcc/x86_64-redhat-linux/4.4.7/../../../../lib64 -L/lib/../lib64 -L/usr/lib/../lib64 -L/usr/lib/gcc/x86_64-redhat-linux/4.4.7/../../.. CMakeFiles/cmTryCompileExec1452631250.dir/CMakeCCompilerABI.c.o -lgcc --as-needed -lgcc_s --no-as-needed -lc -lgcc --as-needed -lgcc_s --no-as-needed /usr/lib/gcc/x86_64-redhat-linux/4.4.7/crtend.o /usr/lib/gcc/x86_64-redhat-linux/4.4.7/../../../../lib64/crtn.o
gmake[1]: Leaving directory `/usr/csshare/pkgs/glfw-3/CMakeFiles/CMakeTmp'


Parsed C implicit link information from above output:
  link line regex: [^( *|.*[/\])(ld|([^/\]+-)?ld|collect2)[^/\]*( |$)]
  ignore line: [Change Dir: /usr/csshare/pkgs/glfw-3/CMakeFiles/CMakeTmp]
  ignore line: []
  ignore line: [Run Build Command:/usr/bin/gmake "cmTryCompileExec1452631250/fast"]
  ignore line: [/usr/bin/gmake -f CMakeFiles/cmTryCompileExec1452631250.dir/build.make CMakeFiles/cmTryCompileExec1452631250.dir/build]
  ignore line: [gmake[1]: Entering directory `/usr/csshare/pkgs/glfw-3/CMakeFiles/CMakeTmp']
  ignore line: [/usr/bin/cmake -E cmake_progress_report /usr/csshare/pkgs/glfw-3/CMakeFiles/CMakeTmp/CMakeFiles 1]
  ignore line: [Building C object CMakeFiles/cmTryCompileExec1452631250.dir/CMakeCCompilerABI.c.o]
  ignore line: [/usr/bin/cc    -o CMakeFiles/cmTryCompileExec1452631250.dir/CMakeCCompilerABI.c.o   -c /usr/share/cmake/Modules/CMakeCCompilerABI.c]
  ignore line: [Linking C executable cmTryCompileExec1452631250]
  ignore line: [/usr/bin/cmake -E cmake_link_script CMakeFiles/cmTryCompileExec1452631250.dir/link.txt --verbose=1]
  ignore line: [/usr/bin/cc     -v CMakeFiles/cmTryCompileExec1452631250.dir/CMakeCCompilerABI.c.o  -o cmTryCompileExec1452631250 -rdynamic  ]
  ignore line: [Using built-in specs.]
  ignore line: [Target: x86_64-redhat-linux]
  ignore line: [Configured with: ../configure --prefix=/usr --mandir=/usr/share/man --infodir=/usr/share/info --with-bugurl=http://bugzilla.redhat.com/bugzilla --enable-bootstrap --enable-shared --enable-threads=posix --enable-checking=release --with-system-zlib --enable-__cxa_atexit --disable-libunwind-exceptions --enable-gnu-unique-object --enable-languages=c,c++,objc,obj-c++,java,fortran,ada --enable-java-awt=gtk --disable-dssi --with-java-home=/usr/lib/jvm/java-1.5.0-gcj-1.5.0.0/jre --enable-libgcj-multifile --enable-java-maintainer-mode --with-ecj-jar=/usr/share/java/eclipse-ecj.jar --disable-libjava-multilib --with-ppl --with-cloog --with-tune=generic --with-arch_32=i686 --build=x86_64-redhat-linux]
  ignore line: [Thread model: posix]
  ignore line: [gcc version 4.4.7 20120313 (Red Hat 4.4.7-16) (GCC) ]
  ignore line: [COMPILER_PATH=/usr/libexec/gcc/x86_64-redhat-linux/4.4.7/:/usr/libexec/gcc/x86_64-redhat-linux/4.4.7/:/usr/libexec/gcc/x86_64-redhat-linux/:/usr/lib/gcc/x86_64-redhat-linux/4.4.7/:/usr/lib/gcc/x86_64-redhat-linux/:/usr/libexec/gcc/x86_64-redhat-linux/4.4.7/:/usr/libexec/gcc/x86_64-redhat-linux/:/usr/lib/gcc/x86_64-redhat-linux/4.4.7/:/usr/lib/gcc/x86_64-redhat-linux/]
  ignore line: [LIBRARY_PATH=/usr/lib/gcc/x86_64-redhat-linux/4.4.7/:/usr/lib/gcc/x86_64-redhat-linux/4.4.7/:/usr/lib/gcc/x86_64-redhat-linux/4.4.7/../../../../lib64/:/lib/../lib64/:/usr/lib/../lib64/:/usr/lib/gcc/x86_64-redhat-linux/4.4.7/../../../:/lib/:/usr/lib/]
  ignore line: [COLLECT_GCC_OPTIONS='-v' '-o' 'cmTryCompileExec1452631250' '-rdynamic' '-mtune=generic']
  link line: [ /usr/libexec/gcc/x86_64-redhat-linux/4.4.7/collect2 --eh-frame-hdr --build-id -m elf_x86_64 --hash-style=gnu -export-dynamic -dynamic-linker /lib64/ld-linux-x86-64.so.2 -o cmTryCompileExec1452631250 /usr/lib/gcc/x86_64-redhat-linux/4.4.7/../../../../lib64/crt1.o /usr/lib/gcc/x86_64-redhat-linux/4.4.7/../../../../lib64/crti.o /usr/lib/gcc/x86_64-redhat-linux/4.4.7/crtbegin.o -L/usr/lib/gcc/x86_64-redhat-linux/4.4.7 -L/usr/lib/gcc/x86_64-redhat-linux/4.4.7 -L/usr/lib/gcc/x86_64-redhat-linux/4.4.7/../../../../lib64 -L/lib/../lib64 -L/usr/lib/../lib64 -L/usr/lib/gcc/x86_64-redhat-linux/4.4.7/../../.. CMakeFiles/cmTryCompileExec1452631250.dir/CMakeCCompilerABI.c.o -lgcc --as-needed -lgcc_s --no-as-needed -lc -lgcc --as-needed -lgcc_s --no-as-needed /usr/lib/gcc/x86_64-redhat-linux/4.4.7/crtend.o /usr/lib/gcc/x86_64-redhat-linux/4.4.7/../../../../lib64/crtn.o]
    arg [/usr/libexec/gcc/x86_64-redhat-linux/4.4.7/collect2] ==> ignore
    arg [--eh-frame-hdr] ==> ignore
    arg [--build-id] ==> ignore
    arg [-m] ==> ignore
    arg [elf_x86_64] ==> ignore
    arg [--hash-style=gnu] ==> ignore
    arg [-export-dynamic] ==> ignore
    arg [-dynamic-linker] ==> ignore
    arg [/lib64/ld-linux-x86-64.so.2] ==> ignore
    arg [-o] ==> ignore
    arg [cmTryCompileExec1452631250] ==> ignore
    arg [/usr/lib/gcc/x86_64-redhat-linux/4.4.7/../../../../lib64/crt1.o] ==> ignore
    arg [/usr/lib/gcc/x86_64-redhat-linux/4.4.7/../../../../lib64/crti.o] ==> ignore
    arg [/usr/lib/gcc/x86_64-redhat-linux/4.4.7/crtbegin.o] ==> ignore
    arg [-L/usr/lib/gcc/x86_64-redhat-linux/4.4.7] ==> dir [/usr/lib/gcc/x86_64-redhat-linux/4.4.7]
    arg [-L/usr/lib/gcc/x86_64-redhat-linux/4.4.7] ==> dir [/usr/lib/gcc/x86_64-redhat-linux/4.4.7]
    arg [-L/usr/lib/gcc/x86_64-redhat-linux/4.4.7/../../../../lib64] ==> dir [/usr/lib/gcc/x86_64-redhat-linux/4.4.7/../../../../lib64]
    arg [-L/lib/../lib64] ==> dir [/lib/../lib64]
    arg [-L/usr/lib/../lib64] ==> dir [/usr/lib/../lib64]
    arg [-L/usr/lib/gcc/x86_64-redhat-linux/4.4.7/../../..] ==> dir [/usr/lib/gcc/x86_64-redhat-linux/4.4.7/../../..]
    arg [CMakeFiles/cmTryCompileExec1452631250.dir/CMakeCCompilerABI.c.o] ==> ignore
    arg [-lgcc] ==> lib [gcc]
    arg [--as-needed] ==> ignore
    arg [-lgcc_s] ==> lib [gcc_s]
    arg [--no-as-needed] ==> ignore
    arg [-lc] ==> lib [c]
    arg [-lgcc] ==> lib [gcc]
    arg [--as-needed] ==> ignore
    arg [-lgcc_s] ==> lib [gcc_s]
    arg [--no-as-needed] ==> ignore
    arg [/usr/lib/gcc/x86_64-redhat-linux/4.4.7/crtend.o] ==> ignore
    arg [/usr/lib/gcc/x86_64-redhat-linux/4.4.7/../../../../lib64/crtn.o] ==> ignore
  remove lib [gcc]
  remove lib [gcc_s]
  remove lib [gcc]
  remove lib [gcc_s]
  collapse library dir [/usr/lib/gcc/x86_64-redhat-linux/4.4.7] ==> [/usr/lib/gcc/x86_64-redhat-linux/4.4.7]
  collapse library dir [/usr/lib/gcc/x86_64-redhat-linux/4.4.7] ==> [/usr/lib/gcc/x86_64-redhat-linux/4.4.7]
  collapse library dir [/usr/lib/gcc/x86_64-redhat-linux/4.4.7/../../../../lib64] ==> [/usr/lib64]
  collapse library dir [/lib/../lib64] ==> [/lib64]
  collapse library dir [/usr/lib/../lib64] ==> [/usr/lib64]
  collapse library dir [/usr/lib/gcc/x86_64-redhat-linux/4.4.7/../../..] ==> [/usr/lib]
  implicit libs: [c]
  implicit dirs: [/usr/lib/gcc/x86_64-redhat-linux/4.4.7;/usr/lib64;/lib64;/usr/lib]
  implicit fwks: []


Determining if the function XOpenDisplay exists in the /usr/lib64/libX11.so;/usr/lib64/libXext.so passed with the following output:
Change Dir: /usr/csshare/pkgs/glfw-3/CMakeFiles/CMakeTmp

Run Build Command:/usr/bin/gmake "cmTryCompileExec1875884647/fast"
/usr/bin/gmake -f CMakeFiles/cmTryCompileExec1875884647.dir/build.make CMakeFiles/cmTryCompileExec1875884647.dir/build
gmake[1]: Entering directory `/usr/csshare/pkgs/glfw-3/CMakeFiles/CMakeTmp'
/usr/bin/cmake -E cmake_progress_report /usr/csshare/pkgs/glfw-3/CMakeFiles/CMakeTmp/CMakeFiles 1
Building C object CMakeFiles/cmTryCompileExec1875884647.dir/CheckFunctionExists.c.o
/usr/bin/cc   -DCHECK_FUNCTION_EXISTS=XOpenDisplay   -o CMakeFiles/cmTryCompileExec1875884647.dir/CheckFunctionExists.c.o   -c /usr/share/cmake/Modules/CheckFunctionExists.c
Linking C executable cmTryCompileExec1875884647
/usr/bin/cmake -E cmake_link_script CMakeFiles/cmTryCompileExec1875884647.dir/link.txt --verbose=1
/usr/bin/cc   -DCHECK_FUNCTION_EXISTS=XOpenDisplay    CMakeFiles/cmTryCompileExec1875884647.dir/CheckFunctionExists.c.o  -o cmTryCompileExec1875884647 -rdynamic -lX11 -lXext 
gmake[1]: Leaving directory `/usr/csshare/pkgs/glfw-3/CMakeFiles/CMakeTmp'


Determining if the function gethostbyname exists passed with the following output:
Change Dir: /usr/csshare/pkgs/glfw-3/CMakeFiles/CMakeTmp

Run Build Command:/usr/bin/gmake "cmTryCompileExec1997933591/fast"
/usr/bin/gmake -f CMakeFiles/cmTryCompileExec1997933591.dir/build.make CMakeFiles/cmTryCompileExec1997933591.dir/build
gmake[1]: Entering directory `/usr/csshare/pkgs/glfw-3/CMakeFiles/CMakeTmp'
/usr/bin/cmake -E cmake_progress_report /usr/csshare/pkgs/glfw-3/CMakeFiles/CMakeTmp/CMakeFiles 1
Building C object CMakeFiles/cmTryCompileExec1997933591.dir/CheckFunctionExists.c.o
/usr/bin/cc   -DCHECK_FUNCTION_EXISTS=gethostbyname   -o CMakeFiles/cmTryCompileExec1997933591.dir/CheckFunctionExists.c.o   -c /usr/share/cmake/Modules/CheckFunctionExists.c
Linking C executable cmTryCompileExec1997933591
/usr/bin/cmake -E cmake_link_script CMakeFiles/cmTryCompileExec1997933591.dir/link.txt --verbose=1
/usr/bin/cc   -DCHECK_FUNCTION_EXISTS=gethostbyname    CMakeFiles/cmTryCompileExec1997933591.dir/CheckFunctionExists.c.o  -o cmTryCompileExec1997933591 -rdynamic 
gmake[1]: Leaving directory `/usr/csshare/pkgs/glfw-3/CMakeFiles/CMakeTmp'


Determining if the function connect exists passed with the following output:
Change Dir: /usr/csshare/pkgs/glfw-3/CMakeFiles/CMakeTmp

Run Build Command:/usr/bin/gmake "cmTryCompileExec921191837/fast"
/usr/bin/gmake -f CMakeFiles/cmTryCompileExec921191837.dir/build.make CMakeFiles/cmTryCompileExec921191837.dir/build
gmake[1]: Entering directory `/usr/csshare/pkgs/glfw-3/CMakeFiles/CMakeTmp'
/usr/bin/cmake -E cmake_progress_report /usr/csshare/pkgs/glfw-3/CMakeFiles/CMakeTmp/CMakeFiles 1
Building C object CMakeFiles/cmTryCompileExec921191837.dir/CheckFunctionExists.c.o
/usr/bin/cc   -DCHECK_FUNCTION_EXISTS=connect   -o CMakeFiles/cmTryCompileExec921191837.dir/CheckFunctionExists.c.o   -c /usr/share/cmake/Modules/CheckFunctionExists.c
Linking C executable cmTryCompileExec921191837
/usr/bin/cmake -E cmake_link_script CMakeFiles/cmTryCompileExec921191837.dir/link.txt --verbose=1
/usr/bin/cc   -DCHECK_FUNCTION_EXISTS=connect    CMakeFiles/cmTryCompileExec921191837.dir/CheckFunctionExists.c.o  -o cmTryCompileExec921191837 -rdynamic 
gmake[1]: Leaving directory `/usr/csshare/pkgs/glfw-3/CMakeFiles/CMakeTmp'


Determining if the function remove exists passed with the following output:
Change Dir: /usr/csshare/pkgs/glfw-3/CMakeFiles/CMakeTmp

Run Build Command:/usr/bin/gmake "cmTryCompileExec816255533/fast"
/usr/bin/gmake -f CMakeFiles/cmTryCompileExec816255533.dir/build.make CMakeFiles/cmTryCompileExec816255533.dir/build
gmake[1]: Entering directory `/usr/csshare/pkgs/glfw-3/CMakeFiles/CMakeTmp'
/usr/bin/cmake -E cmake_progress_report /usr/csshare/pkgs/glfw-3/CMakeFiles/CMakeTmp/CMakeFiles 1
Building C object CMakeFiles/cmTryCompileExec816255533.dir/CheckFunctionExists.c.o
/usr/bin/cc   -DCHECK_FUNCTION_EXISTS=remove   -o CMakeFiles/cmTryCompileExec816255533.dir/CheckFunctionExists.c.o   -c /usr/share/cmake/Modules/CheckFunctionExists.c
Linking C executable cmTryCompileExec816255533
/usr/bin/cmake -E cmake_link_script CMakeFiles/cmTryCompileExec816255533.dir/link.txt --verbose=1
/usr/bin/cc   -DCHECK_FUNCTION_EXISTS=remove    CMakeFiles/cmTryCompileExec816255533.dir/CheckFunctionExists.c.o  -o cmTryCompileExec816255533 -rdynamic 
gmake[1]: Leaving directory `/usr/csshare/pkgs/glfw-3/CMakeFiles/CMakeTmp'


Determining if the function shmat exists passed with the following output:
Change Dir: /usr/csshare/pkgs/glfw-3/CMakeFiles/CMakeTmp

Run Build Command:/usr/bin/gmake "cmTryCompileExec3530187419/fast"
/usr/bin/gmake -f CMakeFiles/cmTryCompileExec3530187419.dir/build.make CMakeFiles/cmTryCompileExec3530187419.dir/build
gmake[1]: Entering directory `/usr/csshare/pkgs/glfw-3/CMakeFiles/CMakeTmp'
/usr/bin/cmake -E cmake_progress_report /usr/csshare/pkgs/glfw-3/CMakeFiles/CMakeTmp/CMakeFiles 1
Building C object CMakeFiles/cmTryCompileExec3530187419.dir/CheckFunctionExists.c.o
/usr/bin/cc   -DCHECK_FUNCTION_EXISTS=shmat   -o CMakeFiles/cmTryCompileExec3530187419.dir/CheckFunctionExists.c.o   -c /usr/share/cmake/Modules/CheckFunctionExists.c
Linking C executable cmTryCompileExec3530187419
/usr/bin/cmake -E cmake_link_script CMakeFiles/cmTryCompileExec3530187419.dir/link.txt --verbose=1
/usr/bin/cc   -DCHECK_FUNCTION_EXISTS=shmat    CMakeFiles/cmTryCompileExec3530187419.dir/CheckFunctionExists.c.o  -o cmTryCompileExec3530187419 -rdynamic 
gmake[1]: Leaving directory `/usr/csshare/pkgs/glfw-3/CMakeFiles/CMakeTmp'


Determining if the function IceConnectionNumber exists in the ICE passed with the following output:
Change Dir: /usr/csshare/pkgs/glfw-3/CMakeFiles/CMakeTmp

Run Build Command:/usr/bin/gmake "cmTryCompileExec594998588/fast"
/usr/bin/gmake -f CMakeFiles/cmTryCompileExec594998588.dir/build.make CMakeFiles/cmTryCompileExec594998588.dir/build
gmake[1]: Entering directory `/usr/csshare/pkgs/glfw-3/CMakeFiles/CMakeTmp'
/usr/bin/cmake -E cmake_progress_report /usr/csshare/pkgs/glfw-3/CMakeFiles/CMakeTmp/CMakeFiles 1
Building C object CMakeFiles/cmTryCompileExec594998588.dir/CheckFunctionExists.c.o
/usr/bin/cc   -DCHECK_FUNCTION_EXISTS=IceConnectionNumber   -o CMakeFiles/cmTryCompileExec594998588.dir/CheckFunctionExists.c.o   -c /usr/share/cmake/Modules/CheckFunctionExists.c
Linking C executable cmTryCompileExec594998588
/usr/bin/cmake -E cmake_link_script CMakeFiles/cmTryCompileExec594998588.dir/link.txt --verbose=1
/usr/bin/cc   -DCHECK_FUNCTION_EXISTS=IceConnectionNumber    CMakeFiles/cmTryCompileExec594998588.dir/CheckFunctionExists.c.o  -o cmTryCompileExec594998588 -rdynamic -lICE 
gmake[1]: Leaving directory `/usr/csshare/pkgs/glfw-3/CMakeFiles/CMakeTmp'


Determining if files pthread.h exist passed with the following output:
Change Dir: /usr/csshare/pkgs/glfw-3/CMakeFiles/CMakeTmp

Run Build Command:/usr/bin/gmake "cmTryCompileExec3739137478/fast"
/usr/bin/gmake -f CMakeFiles/cmTryCompileExec3739137478.dir/build.make CMakeFiles/cmTryCompileExec3739137478.dir/build
gmake[1]: Entering directory `/usr/csshare/pkgs/glfw-3/CMakeFiles/CMakeTmp'
/usr/bin/cmake -E cmake_progress_report /usr/csshare/pkgs/glfw-3/CMakeFiles/CMakeTmp/CMakeFiles 1
Building C object CMakeFiles/cmTryCompileExec3739137478.dir/CheckIncludeFiles.c.o
/usr/bin/cc    -o CMakeFiles/cmTryCompileExec3739137478.dir/CheckIncludeFiles.c.o   -c /usr/csshare/pkgs/glfw-3/CMakeFiles/CMakeTmp/CheckIncludeFiles.c
Linking C executable cmTryCompileExec3739137478
/usr/bin/cmake -E cmake_link_script CMakeFiles/cmTryCompileExec3739137478.dir/link.txt --verbose=1
/usr/bin/cc       CMakeFiles/cmTryCompileExec3739137478.dir/CheckIncludeFiles.c.o  -o cmTryCompileExec3739137478 -rdynamic 
gmake[1]: Leaving directory `/usr/csshare/pkgs/glfw-3/CMakeFiles/CMakeTmp'


Determining if the function pthread_create exists in the pthread passed with the following output:
Change Dir: /usr/csshare/pkgs/glfw-3/CMakeFiles/CMakeTmp

Run Build Command:/usr/bin/gmake "cmTryCompileExec745555147/fast"
/usr/bin/gmake -f CMakeFiles/cmTryCompileExec745555147.dir/build.make CMakeFiles/cmTryCompileExec745555147.dir/build
gmake[1]: Entering directory `/usr/csshare/pkgs/glfw-3/CMakeFiles/CMakeTmp'
/usr/bin/cmake -E cmake_progress_report /usr/csshare/pkgs/glfw-3/CMakeFiles/CMakeTmp/CMakeFiles 1
Building C object CMakeFiles/cmTryCompileExec745555147.dir/CheckFunctionExists.c.o
/usr/bin/cc   -DCHECK_FUNCTION_EXISTS=pthread_create   -o CMakeFiles/cmTryCompileExec745555147.dir/CheckFunctionExists.c.o   -c /usr/share/cmake/Modules/CheckFunctionExists.c
Linking C executable cmTryCompileExec745555147
/usr/bin/cmake -E cmake_link_script CMakeFiles/cmTryCompileExec745555147.dir/link.txt --verbose=1
/usr/bin/cc   -DCHECK_FUNCTION_EXISTS=pthread_create    CMakeFiles/cmTryCompileExec745555147.dir/CheckFunctionExists.c.o  -o cmTryCompileExec745555147 -rdynamic -lpthread 
gmake[1]: Leaving directory `/usr/csshare/pkgs/glfw-3/CMakeFiles/CMakeTmp'


